2023-08-06 08:39:01.108572 - Initialized conversion of CBT950
2023-08-06 08:39:01.565203 - Received CBT.V505.FILE950.PDS from FILE950.XMI 
2023-08-06 08:39:01.567820 - Found $$$#DATE.txt (text/plain) in CBT.V505.FILE950.PDS, moved to PDS/$$$#DATE
2023-08-06 08:39:01.568950 - Found @FILE950.txt (text/plain) in CBT.V505.FILE950.PDS, moved to PDS/@FILE950
2023-08-06 08:39:01.570010 - Found ADDUP.rexx (text/plain) in CBT.V505.FILE950.PDS, moved to PDS/ADDUP
2023-08-06 08:39:01.571245 - Found AREA.rexx (text/plain) in CBT.V505.FILE950.PDS, moved to PDS/AREA
2023-08-06 08:39:01.572233 - Found AUTOMAT.rexx (text/plain) in CBT.V505.FILE950.PDS, moved to PDS/AUTOMAT
2023-08-06 08:39:01.573155 - Found AUTOMAT@.txt (text/plain) in CBT.V505.FILE950.PDS, moved to PDS/AUTOMAT@
2023-08-06 08:39:01.574165 - Found AUTOMAT1.rexx (text/plain) in CBT.V505.FILE950.PDS, moved to PDS/AUTOMAT1
2023-08-06 08:39:01.575129 - Found BACKUP.rexx (text/plain) in CBT.V505.FILE950.PDS, moved to PDS/BACKUP
2023-08-06 08:39:01.576167 - Found BACKUPH0.txt (text/plain) in CBT.V505.FILE950.PDS, moved to PDS/BACKUPH0
2023-08-06 08:39:01.577076 - Found BACKUPH1.txt (text/plain) in CBT.V505.FILE950.PDS, moved to PDS/BACKUPH1
2023-08-06 08:39:01.578047 - Found BACKUPH2.txt (text/plain) in CBT.V505.FILE950.PDS, moved to PDS/BACKUPH2
2023-08-06 08:39:01.578967 - Found BACKUPH3.txt (text/plain) in CBT.V505.FILE950.PDS, moved to PDS/BACKUPH3
2023-08-06 08:39:01.579960 - Found BACKUPH4.txt (text/plain) in CBT.V505.FILE950.PDS, moved to PDS/BACKUPH4
2023-08-06 08:39:01.580855 - Found BACKUPH5.txt (text/plain) in CBT.V505.FILE950.PDS, moved to PDS/BACKUPH5
2023-08-06 08:39:01.581757 - Found BACKUPH6.txt (text/plain) in CBT.V505.FILE950.PDS, moved to PDS/BACKUPH6
2023-08-06 08:39:01.582788 - Found BACKUPH7.txt (text/plain) in CBT.V505.FILE950.PDS, moved to PDS/BACKUPH7
2023-08-06 08:39:01.583772 - Found BACKUPP.txt (text/plain) in CBT.V505.FILE950.PDS, moved to PDS/BACKUPP
2023-08-06 08:39:01.584948 - Found BIG.rexx (text/plain) in CBT.V505.FILE950.PDS, moved to PDS/BIG
2023-08-06 08:39:01.585934 - Found BODY.rexx (text/plain) in CBT.V505.FILE950.PDS, moved to PDS/BODY
2023-08-06 08:39:01.587168 - Found BOX.rexx (text/plain) in CBT.V505.FILE950.PDS, moved to PDS/BOX
2023-08-06 08:39:01.588084 - Found CATCH.rexx (text/plain) in CBT.V505.FILE950.PDS, moved to PDS/CATCH
2023-08-06 08:39:01.588956 - Found CFIND.rexx (text/plain) in CBT.V505.FILE950.PDS, moved to PDS/CFIND
2023-08-06 08:39:01.590114 - Found CHALL.rexx (text/plain) in CBT.V505.FILE950.PDS, moved to PDS/CHALL
2023-08-06 08:39:01.591064 - Found CHALLM.rexx (text/plain) in CBT.V505.FILE950.PDS, moved to PDS/CHALLM
2023-08-06 08:39:01.591929 - Found CHALLP.txt (text/plain) in CBT.V505.FILE950.PDS, moved to PDS/CHALLP
2023-08-06 08:39:01.592811 - Found COLA.rexx (text/plain) in CBT.V505.FILE950.PDS, moved to PDS/COLA
2023-08-06 08:39:01.593710 - Found CUAATTR.rexx (text/plain) in CBT.V505.FILE950.PDS, moved to PDS/CUAATTR
2023-08-06 08:39:01.594597 - Found CUTMEM.rexx (text/plain) in CBT.V505.FILE950.PDS, moved to PDS/CUTMEM
2023-08-06 08:39:01.595489 - Found C2B.rexx (text/plain) in CBT.V505.FILE950.PDS, moved to PDS/C2B
2023-08-06 08:39:01.596324 - Found DATE.txt (text/plain) in CBT.V505.FILE950.PDS, moved to PDS/DATE
2023-08-06 08:39:01.597173 - Found DISPMSG.rexx (text/plain) in CBT.V505.FILE950.PDS, moved to PDS/DISPMSG
2023-08-06 08:39:01.598084 - Found DSINFO.rexx (text/plain) in CBT.V505.FILE950.PDS, moved to PDS/DSINFO
2023-08-06 08:39:01.599314 - Found D2B.rexx (text/plain) in CBT.V505.FILE950.PDS, moved to PDS/D2B
2023-08-06 08:39:01.600193 - Found ET.rexx (text/plain) in CBT.V505.FILE950.PDS, moved to PDS/ET
2023-08-06 08:39:01.601048 - Found ET2.rexx (text/plain) in CBT.V505.FILE950.PDS, moved to PDS/ET2
2023-08-06 08:39:01.601885 - Found FF.rexx (text/plain) in CBT.V505.FILE950.PDS, moved to PDS/FF
2023-08-06 08:39:01.602726 - Found FLAGCHGS.rexx (text/plain) in CBT.V505.FILE950.PDS, moved to PDS/FLAGCHGS
2023-08-06 08:39:01.603553 - Found FSCREEN.rexx (text/plain) in CBT.V505.FILE950.PDS, moved to PDS/FSCREEN
2023-08-06 08:39:01.604392 - Found INCL.rexx (text/plain) in CBT.V505.FILE950.PDS, moved to PDS/INCL
2023-08-06 08:39:01.604403 - Found INTER.bin containing application/octet-stream, moved to PDS/INTER
2023-08-06 08:39:01.606961 - Found KILL.rexx (text/plain) in CBT.V505.FILE950.PDS, moved to PDS/KILL
2023-08-06 08:39:01.608051 - Found KONKAT.rexx (text/plain) in CBT.V505.FILE950.PDS, moved to PDS/KONKAT
2023-08-06 08:39:01.609250 - Found LASTWORD.rexx (text/plain) in CBT.V505.FILE950.PDS, moved to PDS/LASTWORD
2023-08-06 08:39:01.610201 - Found LCL.rexx (text/plain) in CBT.V505.FILE950.PDS, moved to PDS/LCL
2023-08-06 08:39:01.611409 - Found LCLP.txt (text/plain) in CBT.V505.FILE950.PDS, moved to PDS/LCLP
2023-08-06 08:39:01.612329 - Found LINFO.rexx (text/plain) in CBT.V505.FILE950.PDS, moved to PDS/LINFO
2023-08-06 08:39:01.613244 - Found MCANCEL.rexx (text/plain) in CBT.V505.FILE950.PDS, moved to PDS/MCANCEL
2023-08-06 08:39:01.614454 - Found MIRACLE.rexx (text/plain) in CBT.V505.FILE950.PDS, moved to PDS/MIRACLE
2023-08-06 08:39:01.615307 - Found NOT.rexx (text/plain) in CBT.V505.FILE950.PDS, moved to PDS/NOT
2023-08-06 08:39:01.616401 - Found ODER.rexx (text/plain) in CBT.V505.FILE950.PDS, moved to PDS/ODER
2023-08-06 08:39:01.617562 - Found ONLY.rexx (text/plain) in CBT.V505.FILE950.PDS, moved to PDS/ONLY
2023-08-06 08:39:01.618883 - Found PACKCHG.rexx (text/plain) in CBT.V505.FILE950.PDS, moved to PDS/PACKCHG
2023-08-06 08:39:01.620033 - Found PACKCHG1.rexx (text/plain) in CBT.V505.FILE950.PDS, moved to PDS/PACKCHG1
2023-08-06 08:39:01.621018 - Found PACKCHG2.rexx (text/plain) in CBT.V505.FILE950.PDS, moved to PDS/PACKCHG2
2023-08-06 08:39:01.621953 - Found PACKCHG3.rexx (text/plain) in CBT.V505.FILE950.PDS, moved to PDS/PACKCHG3
2023-08-06 08:39:01.623337 - Found RULER.rexx (text/plain) in CBT.V505.FILE950.PDS, moved to PDS/RULER
2023-08-06 08:39:01.624419 - Found SAVE.rexx (text/plain) in CBT.V505.FILE950.PDS, moved to PDS/SAVE
2023-08-06 08:39:01.625327 - Found SAVEP.txt (text/plain) in CBT.V505.FILE950.PDS, moved to PDS/SAVEP
2023-08-06 08:39:01.626273 - Found SETLAB.rexx (text/plain) in CBT.V505.FILE950.PDS, moved to PDS/SETLAB
2023-08-06 08:39:01.627163 - Found WHOHOLDS.rexx (text/plain) in CBT.V505.FILE950.PDS, moved to PDS/WHOHOLDS
2023-08-06 08:39:01.628034 - Found XDOUBLE.rexx (text/plain) in CBT.V505.FILE950.PDS, moved to PDS/XDOUBLE
2023-08-06 08:39:01.628993 - Found XMAN.rexx (text/plain) in CBT.V505.FILE950.PDS, moved to PDS/XMAN
2023-08-06 08:39:01.629885 - Found XMANP.txt (text/plain) in CBT.V505.FILE950.PDS, moved to PDS/XMANP
